<?xml version="1.0" encoding="UTF-8"?>
<!-- Generated by org.testng.reporters.JUnitReportReporter -->
<testsuite hostname="DESKTOP-4LAGA66" name="com.HerokuApp.HomePageTest" tests="7" failures="0" timestamp="29 Dec 2019 23:23:22 GMT" time="0.920" errors="0">
  <testcase name="HomeLinkpresentTestwithdataprovider" time="0.076" classname="com.HerokuApp.HomePageTest"/>
  <testcase name="AomeLinksCounttest" time="0.060" classname="com.HerokuApp.HomePageTest"/>
  <testcase name="HomeLinkpresentTestwithdataprovider" time="0.180" classname="com.HerokuApp.HomePageTest"/>
  <testcase name="HomeLinkpresentTestwithdataprovider" time="0.104" classname="com.HerokuApp.HomePageTest"/>
  <testcase name="HomeLinkpresentTestwithdataprovider" time="0.188" classname="com.HerokuApp.HomePageTest"/>
  <testcase name="HomeLinkpresenttest" time="0.152" classname="com.HerokuApp.HomePageTest"/>
  <testcase name="HomeLinkpresentTestwithdataprovider" time="0.160" classname="com.HerokuApp.HomePageTest"/>
</testsuite> <!-- com.HerokuApp.HomePageTest -->
