<?xml version="1.0" encoding="UTF-8"?>
<!-- Generated by org.testng.reporters.JUnitReportReporter -->
<testsuite hostname="DESKTOP-4LAGA66" name="com.HerokuApp.HomePageTest" tests="7" failures="0" timestamp="29 Dec 2019 23:30:54 GMT" time="0.840" errors="0">
  <testcase name="HomeLinkpresentTestwithdataprovider" time="0.104" classname="com.HerokuApp.HomePageTest"/>
  <testcase name="HomeLinkpresentTestwithdataprovider" time="0.160" classname="com.HerokuApp.HomePageTest"/>
  <testcase name="AomeLinksCounttest" time="0.044" classname="com.HerokuApp.HomePageTest"/>
  <testcase name="HomeLinkpresentTestwithdataprovider" time="0.140" classname="com.HerokuApp.HomePageTest"/>
  <testcase name="HomeLinkpresenttest" time="0.132" classname="com.HerokuApp.HomePageTest"/>
  <testcase name="HomeLinkpresentTestwithdataprovider" time="0.180" classname="com.HerokuApp.HomePageTest"/>
  <testcase name="HomeLinkpresentTestwithdataprovider" time="0.080" classname="com.HerokuApp.HomePageTest"/>
</testsuite> <!-- com.HerokuApp.HomePageTest -->
